\BOOKMARK [0][-]{chapter*.2}{Class Hierarchy}{}% 1
\BOOKMARK [0][-]{chapter.1}{Package org.stfm.texdoclet}{}% 2
\BOOKMARK [1][-]{section.1.1}{Interface ClassFilter}{chapter.1}% 3
\BOOKMARK [2][-]{subsection.1.1.1}{Declaration}{section.1.1}% 4
\BOOKMARK [2][-]{subsection.1.1.2}{All known subinterfaces}{section.1.1}% 5
\BOOKMARK [2][-]{subsection.1.1.3}{All classes known to implement interface}{section.1.1}% 6
\BOOKMARK [2][-]{subsection.1.1.4}{Method summary}{section.1.1}% 7
\BOOKMARK [2][-]{subsection.1.1.5}{Methods}{section.1.1}% 8
\BOOKMARK [1][-]{section.1.2}{Class ClassHierachy}{chapter.1}% 9
\BOOKMARK [2][-]{subsection.1.2.1}{Declaration}{section.1.2}% 10
\BOOKMARK [2][-]{subsection.1.2.2}{Field summary}{section.1.2}% 11
\BOOKMARK [2][-]{subsection.1.2.3}{Constructor summary}{section.1.2}% 12
\BOOKMARK [2][-]{subsection.1.2.4}{Method summary}{section.1.2}% 13
\BOOKMARK [2][-]{subsection.1.2.5}{Fields}{section.1.2}% 14
\BOOKMARK [2][-]{subsection.1.2.6}{Constructors}{section.1.2}% 15
\BOOKMARK [2][-]{subsection.1.2.7}{Methods}{section.1.2}% 16
\BOOKMARK [1][-]{section.1.3}{Class HelpOutput}{chapter.1}% 17
\BOOKMARK [2][-]{subsection.1.3.1}{Declaration}{section.1.3}% 18
\BOOKMARK [2][-]{subsection.1.3.2}{Constructor summary}{section.1.3}% 19
\BOOKMARK [2][-]{subsection.1.3.3}{Method summary}{section.1.3}% 20
\BOOKMARK [2][-]{subsection.1.3.4}{Constructors}{section.1.3}% 21
\BOOKMARK [2][-]{subsection.1.3.5}{Methods}{section.1.3}% 22
\BOOKMARK [1][-]{section.1.4}{Class HTMLtoLaTeXBackEnd}{chapter.1}% 23
\BOOKMARK [2][-]{subsection.1.4.1}{See also}{section.1.4}% 24
\BOOKMARK [2][-]{subsection.1.4.2}{Declaration}{section.1.4}% 25
\BOOKMARK [2][-]{subsection.1.4.3}{Constructor summary}{section.1.4}% 26
\BOOKMARK [2][-]{subsection.1.4.4}{Method summary}{section.1.4}% 27
\BOOKMARK [2][-]{subsection.1.4.5}{Constructors}{section.1.4}% 28
\BOOKMARK [2][-]{subsection.1.4.6}{Methods}{section.1.4}% 29
\BOOKMARK [2][-]{subsection.1.4.7}{Members inherited from class HTMLEditorKit.ParserCallback }{section.1.4}% 30
\BOOKMARK [1][-]{section.1.5}{Class InterfaceHierachy}{chapter.1}% 31
\BOOKMARK [2][-]{subsection.1.5.1}{Declaration}{section.1.5}% 32
\BOOKMARK [2][-]{subsection.1.5.2}{Field summary}{section.1.5}% 33
\BOOKMARK [2][-]{subsection.1.5.3}{Constructor summary}{section.1.5}% 34
\BOOKMARK [2][-]{subsection.1.5.4}{Method summary}{section.1.5}% 35
\BOOKMARK [2][-]{subsection.1.5.5}{Fields}{section.1.5}% 36
\BOOKMARK [2][-]{subsection.1.5.6}{Constructors}{section.1.5}% 37
\BOOKMARK [2][-]{subsection.1.5.7}{Methods}{section.1.5}% 38
\BOOKMARK [1][-]{section.1.6}{Class Package}{chapter.1}% 39
\BOOKMARK [2][-]{subsection.1.6.1}{See also}{section.1.6}% 40
\BOOKMARK [2][-]{subsection.1.6.2}{Declaration}{section.1.6}% 41
\BOOKMARK [2][-]{subsection.1.6.3}{Field summary}{section.1.6}% 42
\BOOKMARK [2][-]{subsection.1.6.4}{Constructor summary}{section.1.6}% 43
\BOOKMARK [2][-]{subsection.1.6.5}{Method summary}{section.1.6}% 44
\BOOKMARK [2][-]{subsection.1.6.6}{Fields}{section.1.6}% 45
\BOOKMARK [2][-]{subsection.1.6.7}{Constructors}{section.1.6}% 46
\BOOKMARK [2][-]{subsection.1.6.8}{Methods}{section.1.6}% 47
\BOOKMARK [1][-]{section.1.7}{Class TableInfo}{chapter.1}% 48
\BOOKMARK [2][-]{subsection.1.7.1}{Declaration}{section.1.7}% 49
\BOOKMARK [2][-]{subsection.1.7.2}{Constructor summary}{section.1.7}% 50
\BOOKMARK [2][-]{subsection.1.7.3}{Method summary}{section.1.7}% 51
\BOOKMARK [2][-]{subsection.1.7.4}{Constructors}{section.1.7}% 52
\BOOKMARK [2][-]{subsection.1.7.5}{Methods}{section.1.7}% 53
\BOOKMARK [1][-]{section.1.8}{Class TestFilter}{chapter.1}% 54
\BOOKMARK [2][-]{subsection.1.8.1}{Declaration}{section.1.8}% 55
\BOOKMARK [2][-]{subsection.1.8.2}{Constructor summary}{section.1.8}% 56
\BOOKMARK [2][-]{subsection.1.8.3}{Method summary}{section.1.8}% 57
\BOOKMARK [2][-]{subsection.1.8.4}{Constructors}{section.1.8}% 58
\BOOKMARK [2][-]{subsection.1.8.5}{Methods}{section.1.8}% 59
\BOOKMARK [1][-]{section.1.9}{Class TeXDoclet}{chapter.1}% 60
\BOOKMARK [2][-]{subsection.1.9.1}{See also}{section.1.9}% 61
\BOOKMARK [2][-]{subsection.1.9.2}{Declaration}{section.1.9}% 62
\BOOKMARK [2][-]{subsection.1.9.3}{Field summary}{section.1.9}% 63
\BOOKMARK [2][-]{subsection.1.9.4}{Constructor summary}{section.1.9}% 64
\BOOKMARK [2][-]{subsection.1.9.5}{Method summary}{section.1.9}% 65
\BOOKMARK [2][-]{subsection.1.9.6}{Fields}{section.1.9}% 66
\BOOKMARK [2][-]{subsection.1.9.7}{Constructors}{section.1.9}% 67
\BOOKMARK [2][-]{subsection.1.9.8}{Methods}{section.1.9}% 68
\BOOKMARK [2][-]{subsection.1.9.9}{Members inherited from class Doclet }{section.1.9}% 69
\BOOKMARK [0][-]{appendix.A}{File appendix\137a.html}{}% 70
\BOOKMARK [0][-]{appendix.B}{File appendix\137b.txt}{}% 71
